<?xml version="1.0" encoding="UTF-8"?>
<testsuite xmlns:xsi="http://www.w3.org/2001/XMLSchema-instance" xsi:noNamespaceSchemaLocation="https://maven.apache.org/surefire/maven-surefire-plugin/xsd/surefire-test-report.xsd" version="3.0.2" name="com.skillsync.reviewservice.controller.ReviewControllerTest" time="13.17" tests="6" errors="0" skipped="0" failures="0">
  <properties>
[...]
</properties>
  <testcase name="deleteReview_returnsNoContent" classname="com.skillsync.reviewservice.controller.ReviewControllerTest" time="0.525">
    <system-out><![CDATA[15:20:07.146 [main] INFO org.springframework.test.context.support.AnnotationConfigContextLoaderUtils -- Could not detect default configuration classes for test class [com.skillsync.reviewservice.controller.ReviewControllerTest]: ReviewControllerTest does not declare any static, non-private, non-final, nested classes annotated with @Configuration.
15:20:07.636 [main] INFO org.springframework.boot.test.context.SpringBootTestContextBootstrapper -- Found @SpringBootConfiguration com.skillsync.reviewservice.ReviewServiceApplication for test class com.skillsync.reviewservice.controller.ReviewControllerTest
15:20:08.268 [main] INFO org.springframework.boot.devtools.restart.RestartApplicationListener -- Restart disabled due to context in which it is running

  .   ____          _            __ _ _
 /\\ / ___'_ __ _ _(_)_ __  __ _ \ \ \ \
( ( )\___ | '_ | '_| | '_ \/ _` | \ \ \ \
 \\/  ___)| |_)| | | | | || (_| |  ) ) ) )
  '  |____| .__|_| |_|_| |_\__, | / / / /
 =========|_|==============|___/=/_/_/_/

 :: Spring Boot ::                (v3.4.4)

2026-05-01T15:20:10.581+05:30  INFO 32748 --- [REVIEW-SERVICE] [           main] [                                                 ] c.s.r.controller.ReviewControllerTest    : Starting ReviewControllerTest using Java 21.0.10 with PID 32748 (started by HP in C:\Users\HP\OneDrive\Desktop\SkillSync\Backend\review-service)
2026-05-01T15:20:10.587+05:30 DEBUG 32748 --- [REVIEW-SERVICE] [           main] [                                                 ] c.s.r.controller.ReviewControllerTest    : Running with Spring Boot v3.4.4, Spring v6.2.5
2026-05-01T15:20:10.590+05:30  INFO 32748 --- [REVIEW-SERVICE] [           main] [                                                 ] c.s.r.controller.ReviewControllerTest    : No active profile set, falling back to 1 default profile: "default"
2026-05-01T15:20:10.659+05:30  INFO 32748 --- [REVIEW-SERVICE] [           main] [                                                 ] o.s.c.c.c.ConfigServerConfigDataLoader   : Fetching config from server at : http://localhost:8888
2026-05-01T15:20:10.660+05:30  INFO 32748 --- [REVIEW-SERVICE] [           main] [                                                 ] o.s.c.c.c.ConfigServerConfigDataLoader   : Located environment: name=REVIEW-SERVICE, profiles=[default], label=null, version=null, state=null
2026-05-01T15:20:17.682+05:30  WARN 32748 --- [REVIEW-SERVICE] [           main] [                                                 ] .s.s.UserDetailsServiceAutoConfiguration : 

Using generated security password: 3527f0a5-d780-48f5-b8d6-9957ee4a5bc7

This generated password is for development use only. Your security configuration must be updated before running your application in production.

2026-05-01T15:20:17.780+05:30  INFO 32748 --- [REVIEW-SERVICE] [           main] [                                                 ] r$InitializeUserDetailsManagerConfigurer : Global AuthenticationManager configured with UserDetailsService bean with name inMemoryUserDetailsManager
2026-05-01T15:20:18.279+05:30  INFO 32748 --- [REVIEW-SERVICE] [           main] [                                                 ] o.s.b.t.m.w.SpringBootMockServletContext : Initializing Spring TestDispatcherServlet ''
2026-05-01T15:20:18.280+05:30  INFO 32748 --- [REVIEW-SERVICE] [           main] [                                                 ] o.s.t.web.servlet.TestDispatcherServlet  : Initializing Servlet ''
2026-05-01T15:20:18.284+05:30  INFO 32748 --- [REVIEW-SERVICE] [           main] [                                                 ] o.s.t.web.servlet.TestDispatcherServlet  : Completed initialization in 3 ms
2026-05-01T15:20:18.396+05:30  INFO 32748 --- [REVIEW-SERVICE] [           main] [                                                 ] c.s.r.controller.ReviewControllerTest    : Started ReviewControllerTest in 10.166 seconds (process running for 13.436)
]]></system-out>
    <system-err><![CDATA[Mockito is currently self-attaching to enable the inline-mock-maker. This will no longer work in future releases of the JDK. Please add Mockito as an agent to your build what is described in Mockito's documentation: https://javadoc.io/doc/org.mockito/mockito-core/latest/org/mockito/Mockito.html#0.3
WARNING: A Java agent has been loaded dynamically (C:\Users\HP\.m2\repository\net\bytebuddy\byte-buddy-agent\1.15.11\byte-buddy-agent-1.15.11.jar)
WARNING: If a serviceability tool is in use, please run with -XX:+EnableDynamicAgentLoading to hide this warning
WARNING: If a serviceability tool is not in use, please run with -Djdk.instrument.traceUsage for more information
WARNING: Dynamic loading of agents will be disallowed by default in a future release
]]></system-err>
  </testcase>
  <testcase name="submitReview_returnsCreated" classname="com.skillsync.reviewservice.controller.ReviewControllerTest" time="0.649"/>
  <testcase name="getReviewsByMentorId_returnsPage" classname="com.skillsync.reviewservice.controller.ReviewControllerTest" time="0.133">
    <system-out><![CDATA[2026-05-01T15:20:19.688+05:30  WARN 32748 --- [REVIEW-SERVICE] [           main] [                                                 ] ration$PageModule$WarningLoggingModifier : Serializing PageImpl instances as-is is not supported, meaning that there is no guarantee about the stability of the resulting JSON structure!
	For a stable JSON structure, please use Spring Data's PagedModel (globally via @EnableSpringDataWebSupport(pageSerializationMode = VIA_DTO))
	or Spring HATEOAS and Spring Data's PagedResourcesAssembler as documented in https://docs.spring.io/spring-data/commons/reference/repositories/core-extensions.html#core.web.pageables.

]]></system-out>
  </testcase>
  <testcase name="getReviewById_returnsOk" classname="com.skillsync.reviewservice.controller.ReviewControllerTest" time="0.052"/>
  <testcase name="getReviewsByLearnerId_returnsList" classname="com.skillsync.reviewservice.controller.ReviewControllerTest" time="0.044"/>
  <testcase name="getMentorRatingSummary_returnsSummary" classname="com.skillsync.reviewservice.controller.ReviewControllerTest" time="0.039"/>
</testsuite>